Arguments: 
  /Users/ccarlson/.nvm/versions/node/v16.3.0/bin/node /Users/ccarlson/.nvm/versions/node/v16.3.0/bin/yarn add @types/postgres --dev

PATH: 
  /Users/ccarlson/.nvm/versions/node/v16.3.0/bin:/usr/local/bin:/usr/bin:/bin:/usr/sbin:/sbin:/usr/local/go/bin:/Users/ccarlson/.nvm/versions/node/v16.3.0/bin:/usr/local/Cellar/docker-credential-helper-ecr/0.4.0/bin/:/Users/ccarlson/bin/:/usr/local/Cellar/:/Users/ccarlson/.bin/:/usr/local/Cellar/docker-credential-helper-ecr/0.4.0/bin/:/Users/ccarlson/bin/:/usr/local/Cellar/:/Users/ccarlson/.bin/

Yarn version: 
  1.22.10

Node version: 
  16.3.0

Platform: 
  darwin x64

Trace: 
  Error: https://registry.yarnpkg.com/@types%2fpostgres: Not found
      at Request.params.callback [as _callback] (/Users/ccarlson/.nvm/versions/node/v16.3.0/lib/node_modules/yarn/lib/cli.js:66988:18)
      at Request.self.callback (/Users/ccarlson/.nvm/versions/node/v16.3.0/lib/node_modules/yarn/lib/cli.js:140662:22)
      at Request.emit (node:events:394:28)
      at Request.<anonymous> (/Users/ccarlson/.nvm/versions/node/v16.3.0/lib/node_modules/yarn/lib/cli.js:141634:10)
      at Request.emit (node:events:394:28)
      at IncomingMessage.<anonymous> (/Users/ccarlson/.nvm/versions/node/v16.3.0/lib/node_modules/yarn/lib/cli.js:141556:12)
      at Object.onceWrapper (node:events:513:28)
      at IncomingMessage.emit (node:events:406:35)
      at endReadableNT (node:internal/streams/readable:1329:12)
      at processTicksAndRejections (node:internal/process/task_queues:83:21)

npm manifest: 
  {
    "name": "message-store-connector",
    "version": "0.0.1",
    "main": "index.js",
    "author": "Chris Carlson",
    "license": "MIT",
    "private": false,
    "dependencies": {
      "postgres": "^1.0.2"
    },
    "devDependencies": {
      "typescript": "^4.3.5"
    }
  }

yarn manifest: 
  No manifest

Lockfile: 
  # THIS IS AN AUTOGENERATED FILE. DO NOT EDIT THIS FILE DIRECTLY.
  # yarn lockfile v1
  
  
  postgres@^1.0.2:
    version "1.0.2"
    resolved "https://registry.yarnpkg.com/postgres/-/postgres-1.0.2.tgz#7b9f6769934f727cec0f1d7ef58d4915a327f5dd"
    integrity sha512-zeLgt42KSUNgX/uvo+gbVxTAYwgSY6MIKuU/a8YWuObX4rtGuKrVWopvEAqIAPSO0FeHS1TsSKnqPjoufPy8NA==
  
  typescript@^4.3.5:
    version "4.3.5"
    resolved "https://registry.yarnpkg.com/typescript/-/typescript-4.3.5.tgz#4d1c37cc16e893973c45a06886b7113234f119f4"
    integrity sha512-DqQgihaQ9cUrskJo9kIyW/+g0Vxsk8cDtZ52a3NGh0YNTfpUSArXSohyUGnvbPazEPLu398C0UxmKSOrPumUzA==
